2020-12-02T10:37:09+00:00 INFO Require to run updater..Start Installation/ Update process
2020-12-02T10:37:09+00:00 INFO Needs DB Update?
2020-12-02T10:37:09+00:00 INFO Current DB Version: 4.3.4
2020-12-02T10:37:09+00:00 INFO Database update require. Start updating database
2020-12-02T10:37:09+00:00 INFO Do Update....
2020-12-02T10:37:09+00:00 INFO Current IG ES DB Version: 4.3.4
2020-12-02T10:37:09+00:00 INFO [Queue] ig_es_update_441_create_tables
2020-12-02T10:37:09+00:00 INFO [Queue] ig_es_update_441_migrate_audience_sync_settings
2020-12-02T10:37:09+00:00 INFO [Queue] ig_es_update_441_db_version
2020-12-02T10:37:09+00:00 INFO [Queue] ig_es_update_442_set_workflows_default_permission
2020-12-02T10:37:09+00:00 INFO [Queue] ig_es_update_442_db_version
2020-12-02T10:37:09+00:00 INFO [Queue] ig_es_update_449_create_tables
2020-12-02T10:37:09+00:00 INFO [Queue] ig_es_update_449_db_version
2020-12-02T10:37:09+00:00 INFO [Queue] ig_es_update_4410_load_templates
2020-12-02T10:37:09+00:00 INFO [Queue] ig_es_update_4410_db_version
2020-12-02T10:37:09+00:00 INFO [Queue] ig_es_update_450_alter_actions_table
2020-12-02T10:37:09+00:00 INFO [Queue] ig_es_update_450_db_version
2020-12-02T10:37:09+00:00 INFO [Queue] ig_es_update_457_alter_list_table
2020-12-02T10:37:09+00:00 INFO [Queue] ig_es_update_457_add_list_hash
2020-12-02T10:37:09+00:00 INFO [Queue] ig_es_update_457_db_version
2020-12-02T10:37:09+00:00 INFO [Queue] ig_es_update_463_alter_contacts_table
2020-12-02T10:37:09+00:00 INFO [Queue] ig_es_migrate_ip_from_list_contacts_to_contacts_table
2020-12-02T10:37:09+00:00 INFO [Queue] ig_es_update_463_db_version
2020-12-02T10:37:09+00:00 INFO Yes, we have tasks to process
2020-12-02T10:37:09+00:00 INFO --------------------- Started To Run Task Again---------------------
2020-12-02T10:37:09+00:00 INFO [Processing] ig_es_update_441_create_tables
2020-12-02T10:37:09+00:00 INFO --- Running Task - ig_es_update_441_create_tables
2020-12-02T10:37:09+00:00 INFO --- Finished Task - ig_es_update_441_create_tables 
2020-12-02T10:37:09+00:00 INFO [Processed] ig_es_update_441_create_tables
2020-12-02T10:37:09+00:00 INFO [Processing] ig_es_update_441_migrate_audience_sync_settings
2020-12-02T10:37:09+00:00 INFO --- Running Task - ig_es_update_441_migrate_audience_sync_settings
2020-12-02T10:37:09+00:00 INFO --- Finished Task - ig_es_update_441_migrate_audience_sync_settings 
2020-12-02T10:37:09+00:00 INFO [Processed] ig_es_update_441_migrate_audience_sync_settings
2020-12-02T10:37:09+00:00 INFO [Processing] ig_es_update_441_db_version
2020-12-02T10:37:09+00:00 INFO --- Running Task - ig_es_update_441_db_version
2020-12-02T10:37:09+00:00 INFO --- Finished Task - ig_es_update_441_db_version 
2020-12-02T10:37:09+00:00 INFO [Processed] ig_es_update_441_db_version
2020-12-02T10:37:09+00:00 INFO [Processing] ig_es_update_442_set_workflows_default_permission
2020-12-02T10:37:09+00:00 INFO --- Running Task - ig_es_update_442_set_workflows_default_permission
2020-12-02T10:37:09+00:00 INFO --- Finished Task - ig_es_update_442_set_workflows_default_permission 
2020-12-02T10:37:09+00:00 INFO [Processed] ig_es_update_442_set_workflows_default_permission
2020-12-02T10:37:09+00:00 INFO [Processing] ig_es_update_442_db_version
2020-12-02T10:37:09+00:00 INFO --- Running Task - ig_es_update_442_db_version
2020-12-02T10:37:09+00:00 INFO --- Finished Task - ig_es_update_442_db_version 
2020-12-02T10:37:09+00:00 INFO [Processed] ig_es_update_442_db_version
2020-12-02T10:37:09+00:00 INFO [Processing] ig_es_update_449_create_tables
2020-12-02T10:37:09+00:00 INFO --- Running Task - ig_es_update_449_create_tables
2020-12-02T10:37:09+00:00 INFO --- Finished Task - ig_es_update_449_create_tables 
2020-12-02T10:37:09+00:00 INFO [Processed] ig_es_update_449_create_tables
2020-12-02T10:37:09+00:00 INFO [Processing] ig_es_update_449_db_version
2020-12-02T10:37:09+00:00 INFO --- Running Task - ig_es_update_449_db_version
2020-12-02T10:37:09+00:00 INFO --- Finished Task - ig_es_update_449_db_version 
2020-12-02T10:37:09+00:00 INFO [Processed] ig_es_update_449_db_version
2020-12-02T10:37:09+00:00 INFO [Processing] ig_es_update_4410_load_templates
2020-12-02T10:37:09+00:00 INFO --- Running Task - ig_es_update_4410_load_templates
2020-12-02T10:37:09+00:00 INFO --- Finished Task - ig_es_update_4410_load_templates 
2020-12-02T10:37:09+00:00 INFO [Processed] ig_es_update_4410_load_templates
2020-12-02T10:37:09+00:00 INFO [Processing] ig_es_update_4410_db_version
2020-12-02T10:37:09+00:00 INFO --- Running Task - ig_es_update_4410_db_version
2020-12-02T10:37:09+00:00 INFO --- Finished Task - ig_es_update_4410_db_version 
2020-12-02T10:37:09+00:00 INFO [Processed] ig_es_update_4410_db_version
2020-12-02T10:37:09+00:00 INFO [Processing] ig_es_update_450_alter_actions_table
2020-12-02T10:37:09+00:00 INFO --- Running Task - ig_es_update_450_alter_actions_table
2020-12-02T10:37:09+00:00 INFO --- Finished Task - ig_es_update_450_alter_actions_table 
2020-12-02T10:37:09+00:00 INFO [Processed] ig_es_update_450_alter_actions_table
2020-12-02T10:37:09+00:00 INFO [Processing] ig_es_update_450_db_version
2020-12-02T10:37:09+00:00 INFO --- Running Task - ig_es_update_450_db_version
2020-12-02T10:37:09+00:00 INFO --- Finished Task - ig_es_update_450_db_version 
2020-12-02T10:37:09+00:00 INFO [Processed] ig_es_update_450_db_version
2020-12-02T10:37:09+00:00 INFO [Processing] ig_es_update_457_alter_list_table
2020-12-02T10:37:09+00:00 INFO --- Running Task - ig_es_update_457_alter_list_table
2020-12-02T10:37:09+00:00 INFO --- Finished Task - ig_es_update_457_alter_list_table 
2020-12-02T10:37:09+00:00 INFO [Processed] ig_es_update_457_alter_list_table
2020-12-02T10:37:09+00:00 INFO [Processing] ig_es_update_457_add_list_hash
2020-12-02T10:37:09+00:00 INFO --- Running Task - ig_es_update_457_add_list_hash
2020-12-02T10:37:09+00:00 INFO --- Finished Task - ig_es_update_457_add_list_hash 
2020-12-02T10:37:09+00:00 INFO [Processed] ig_es_update_457_add_list_hash
2020-12-02T10:37:09+00:00 INFO [Processing] ig_es_update_457_db_version
2020-12-02T10:37:09+00:00 INFO --- Running Task - ig_es_update_457_db_version
2020-12-02T10:37:09+00:00 INFO --- Finished Task - ig_es_update_457_db_version 
2020-12-02T10:37:09+00:00 INFO [Processed] ig_es_update_457_db_version
2020-12-02T10:37:09+00:00 INFO [Processing] ig_es_update_463_alter_contacts_table
2020-12-02T10:37:09+00:00 INFO --- Running Task - ig_es_update_463_alter_contacts_table
2020-12-02T10:37:09+00:00 INFO --- Finished Task - ig_es_update_463_alter_contacts_table 
2020-12-02T10:37:09+00:00 INFO [Processed] ig_es_update_463_alter_contacts_table
2020-12-02T10:37:09+00:00 INFO [Processing] ig_es_migrate_ip_from_list_contacts_to_contacts_table
2020-12-02T10:37:09+00:00 INFO --- Running Task - ig_es_migrate_ip_from_list_contacts_to_contacts_table
2020-12-02T10:37:10+00:00 INFO --- Finished Task - ig_es_migrate_ip_from_list_contacts_to_contacts_table 
2020-12-02T10:37:10+00:00 INFO [Processed] ig_es_migrate_ip_from_list_contacts_to_contacts_table
2020-12-02T10:37:10+00:00 INFO [Processing] ig_es_update_463_db_version
2020-12-02T10:37:10+00:00 INFO --- Running Task - ig_es_update_463_db_version
2020-12-02T10:37:10+00:00 INFO --- Finished Task - ig_es_update_463_db_version 
2020-12-02T10:37:10+00:00 INFO [Processed] ig_es_update_463_db_version
